C:\Server\erwin\Documents\Visual Studio 2010\Projects\reSAND\reSAND\X64\Debug\cl.command.1.tlog
C:\Server\erwin\Documents\Visual Studio 2010\Projects\reSAND\reSAND\X64\Debug\CL.read.1.tlog
C:\Server\erwin\Documents\Visual Studio 2010\Projects\reSAND\reSAND\X64\Debug\CL.write.1.tlog
C:\SERVER\ERWIN\DOCUMENTS\VISUAL STUDIO 2010\PROJECTS\RESAND\RESAND\X64\DEBUG\DXMANAGER.OBJ
C:\Server\erwin\Documents\Visual Studio 2010\Projects\reSAND\reSAND\X64\Debug\link.command.1.tlog
C:\Server\erwin\Documents\Visual Studio 2010\Projects\reSAND\reSAND\X64\Debug\link.read.1.tlog
C:\Server\erwin\Documents\Visual Studio 2010\Projects\reSAND\reSAND\X64\Debug\link.write.1.tlog
C:\Server\erwin\Documents\Visual Studio 2010\Projects\reSAND\reSAND\X64\Debug\link-cvtres.read.1.tlog
C:\Server\erwin\Documents\Visual Studio 2010\Projects\reSAND\reSAND\X64\Debug\link-cvtres.write.1.tlog
C:\Server\erwin\Documents\Visual Studio 2010\Projects\reSAND\reSAND\X64\Debug\rc.command.1.tlog
C:\Server\erwin\Documents\Visual Studio 2010\Projects\reSAND\reSAND\X64\Debug\rc.read.1.tlog
C:\Server\erwin\Documents\Visual Studio 2010\Projects\reSAND\reSAND\X64\Debug\rc.write.1.tlog
C:\Server\erwin\Documents\Visual Studio 2010\Projects\reSAND\reSAND\X64\Debug\reSAND.exe.embed.manifest
C:\SERVER\ERWIN\DOCUMENTS\VISUAL STUDIO 2010\PROJECTS\RESAND\RESAND\X64\DEBUG\RESAND.EXE.EMBED.MANIFEST.RES
C:\Server\erwin\Documents\Visual Studio 2010\Projects\reSAND\reSAND\X64\Debug\reSAND.exe.intermediate.manifest
C:\SERVER\ERWIN\DOCUMENTS\VISUAL STUDIO 2010\PROJECTS\RESAND\RESAND\X64\DEBUG\RESAND.OBJ
C:\Server\erwin\Documents\Visual Studio 2010\Projects\reSAND\reSAND\X64\Debug\reSAND_manifest.rc
C:\SERVER\ERWIN\DOCUMENTS\VISUAL STUDIO 2010\PROJECTS\RESAND\RESAND\X64\DEBUG\SANDMANAGER.OBJ
C:\SERVER\ERWIN\DOCUMENTS\VISUAL STUDIO 2010\PROJECTS\RESAND\RESAND\X64\DEBUG\VC100.PDB
C:\Server\erwin\Documents\Visual Studio 2010\Projects\reSAND\X64\Debug\reSAND.pdb
