C:\SERVER\ERWIN\DOCUMENTS\VISUAL STUDIO 2010\PROJECTS\RESAND\DEBUG\RESAND.EXE
C:\SERVER\ERWIN\DOCUMENTS\VISUAL STUDIO 2010\PROJECTS\RESAND\DEBUG\RESAND.ILK
C:\SERVER\ERWIN\DOCUMENTS\VISUAL STUDIO 2010\PROJECTS\RESAND\DEBUG\RESAND.PDB
C:\Server\erwin\Documents\Visual Studio 2010\Projects\reSAND\reSAND\Debug\cl.command.1.tlog
C:\Server\erwin\Documents\Visual Studio 2010\Projects\reSAND\reSAND\Debug\CL.read.1.tlog
C:\Server\erwin\Documents\Visual Studio 2010\Projects\reSAND\reSAND\Debug\CL.write.1.tlog
C:\SERVER\ERWIN\DOCUMENTS\VISUAL STUDIO 2010\PROJECTS\RESAND\RESAND\DEBUG\DXMANAGER.OBJ
C:\Server\erwin\Documents\Visual Studio 2010\Projects\reSAND\reSAND\Debug\link.1868.read.1.tlog
C:\Server\erwin\Documents\Visual Studio 2010\Projects\reSAND\reSAND\Debug\link.1868.write.1.tlog
C:\Server\erwin\Documents\Visual Studio 2010\Projects\reSAND\reSAND\Debug\link.1868-cvtres.read.1.tlog
C:\Server\erwin\Documents\Visual Studio 2010\Projects\reSAND\reSAND\Debug\link.1868-cvtres.write.1.tlog
C:\Server\erwin\Documents\Visual Studio 2010\Projects\reSAND\reSAND\Debug\link.command.1.tlog
C:\Server\erwin\Documents\Visual Studio 2010\Projects\reSAND\reSAND\Debug\link.read.1.tlog
C:\Server\erwin\Documents\Visual Studio 2010\Projects\reSAND\reSAND\Debug\link.write.1.tlog
C:\Server\erwin\Documents\Visual Studio 2010\Projects\reSAND\reSAND\Debug\link-cvtres.read.1.tlog
C:\Server\erwin\Documents\Visual Studio 2010\Projects\reSAND\reSAND\Debug\link-cvtres.write.1.tlog
C:\Server\erwin\Documents\Visual Studio 2010\Projects\reSAND\reSAND\Debug\mt.command.1.tlog
C:\Server\erwin\Documents\Visual Studio 2010\Projects\reSAND\reSAND\Debug\mt.read.1.tlog
C:\Server\erwin\Documents\Visual Studio 2010\Projects\reSAND\reSAND\Debug\mt.write.1.tlog
C:\Server\erwin\Documents\Visual Studio 2010\Projects\reSAND\reSAND\Debug\rc.command.1.tlog
C:\Server\erwin\Documents\Visual Studio 2010\Projects\reSAND\reSAND\Debug\rc.read.1.tlog
C:\Server\erwin\Documents\Visual Studio 2010\Projects\reSAND\reSAND\Debug\rc.write.1.tlog
C:\SERVER\ERWIN\DOCUMENTS\VISUAL STUDIO 2010\PROJECTS\RESAND\RESAND\DEBUG\RESAND.EXE.EMBED.MANIFEST
C:\SERVER\ERWIN\DOCUMENTS\VISUAL STUDIO 2010\PROJECTS\RESAND\RESAND\DEBUG\RESAND.EXE.EMBED.MANIFEST.RES
C:\SERVER\ERWIN\DOCUMENTS\VISUAL STUDIO 2010\PROJECTS\RESAND\RESAND\DEBUG\RESAND.EXE.INTERMEDIATE.MANIFEST
C:\SERVER\ERWIN\DOCUMENTS\VISUAL STUDIO 2010\PROJECTS\RESAND\RESAND\DEBUG\RESAND.OBJ
C:\Server\erwin\Documents\Visual Studio 2010\Projects\reSAND\reSAND\Debug\reSAND_manifest.rc
C:\SERVER\ERWIN\DOCUMENTS\VISUAL STUDIO 2010\PROJECTS\RESAND\RESAND\DEBUG\SANDMANAGER.OBJ
C:\Server\erwin\Documents\Visual Studio 2010\Projects\reSAND\reSAND\Debug\vc100.idb
C:\SERVER\ERWIN\DOCUMENTS\VISUAL STUDIO 2010\PROJECTS\RESAND\RESAND\DEBUG\VC100.PDB
